<?xml version="1.0" encoding="UTF-8"?>
<testng-results skipped="0" failed="0" total="1" passed="1">
  <reporter-output>
  </reporter-output>
  <suite name="Default suite" duration-ms="30212" started-at="2019-06-21T14:01:14Z" finished-at="2019-06-21T14:01:45Z">
    <groups>
    </groups>
    <test name="Default test" duration-ms="30212" started-at="2019-06-21T14:01:14Z" finished-at="2019-06-21T14:01:45Z">
      <class name="com.ascendum.website.CheckAllLinks">
        <test-method status="PASS" signature="launchBrowser()[pri:0, instance:com.ascendum.website.CheckAllLinks@23ceabc1]" name="launchBrowser" is-config="true" duration-ms="25514" started-at="2019-06-21T09:01:14Z" finished-at="2019-06-21T09:01:40Z">
          <reporter-output>
          </reporter-output>
        </test-method> <!-- launchBrowser -->
        <test-method status="PASS" signature="verifyAllLinks()[pri:0, instance:com.ascendum.website.CheckAllLinks@23ceabc1]" name="verifyAllLinks" duration-ms="2152" started-at="2019-06-21T09:01:40Z" finished-at="2019-06-21T09:01:42Z">
          <reporter-output>
          </reporter-output>
        </test-method> <!-- verifyAllLinks -->
        <test-method status="PASS" signature="closeBrowser()[pri:0, instance:com.ascendum.website.CheckAllLinks@23ceabc1]" name="closeBrowser" is-config="true" duration-ms="2519" started-at="2019-06-21T09:01:42Z" finished-at="2019-06-21T09:01:45Z">
          <reporter-output>
          </reporter-output>
        </test-method> <!-- closeBrowser -->
      </class> <!-- com.ascendum.website.CheckAllLinks -->
    </test> <!-- Default test -->
  </suite> <!-- Default suite -->
</testng-results>
